15:05
"/home/kristof/lscc/iCEcube2.2020.12/sbt_backend/bin/linux/opt/synpwrap/synpwrap" -prj "iCE40LP384_CA_code_generator_syn.prj" -log "/home/kristof/FAKS/2L/Satelitske komunikacije/GPS-receiver/development tools/FPGA/FPGA demo board/iCE40LP384_CA_code_generator/iCE40LP384_CA_code_generator/iCE40LP384_CA_code_generator_Implmnt/iCE40LP384_CA_code_generator.srr"
starting Synthesisrunning SynthesisRunning in Lattice mode


Starting:    /home/kristof/lscc/iCEcube2.2020.12/synpbase/linux_a_64/mbin/synbatch
Install:     /home/kristof/lscc/iCEcube2.2020.12/synpbase
Hostname:    kristof-IdeaPad
Date:        Fri Dec 15 15:05:31 2023
Version:     L-2016.09L+ice40

Arguments:   -product synplify_pro -batch iCE40LP384_CA_code_generator_syn.prj
ProductType: synplify_pro





log file: "/home/kristof/FAKS/2L/Satelitske komunikacije/GPS-receiver/development tools/FPGA/FPGA demo board/iCE40LP384_CA_code_generator/iCE40LP384_CA_code_generator/iCE40LP384_CA_code_generator_Implmnt/iCE40LP384_CA_code_generator.srr"
Running: iCE40LP384_CA_code_generator_Implmnt in foreground

Running iCE40LP384_CA_code_generator_syn|iCE40LP384_CA_code_generator_Implmnt

Running: compile (Compile) on iCE40LP384_CA_code_generator_syn|iCE40LP384_CA_code_generator_Implmnt
# Fri Dec 15 15:05:31 2023

Running: compile_flow (Compile Process) on iCE40LP384_CA_code_generator_syn|iCE40LP384_CA_code_generator_Implmnt
# Fri Dec 15 15:05:31 2023

Running: compiler (Compile Input) on iCE40LP384_CA_code_generator_syn|iCE40LP384_CA_code_generator_Implmnt
# Fri Dec 15 15:05:31 2023
Copied /home/kristof/FAKS/2L/Satelitske komunikacije/GPS-receiver/development tools/FPGA/FPGA demo board/iCE40LP384_CA_code_generator/iCE40LP384_CA_code_generator/iCE40LP384_CA_code_generator_Implmnt/synwork/iCE40LP384_CA_code_generator_comp.srs to /home/kristof/FAKS/2L/Satelitske komunikacije/GPS-receiver/development tools/FPGA/FPGA demo board/iCE40LP384_CA_code_generator/iCE40LP384_CA_code_generator/iCE40LP384_CA_code_generator_Implmnt/iCE40LP384_CA_code_generator.srs

compiler completed
# Fri Dec 15 15:05:32 2023

Return Code: 0
Run Time:00h:00m:01s

Running: multi_srs_gen (Multi-srs Generator) on iCE40LP384_CA_code_generator_syn|iCE40LP384_CA_code_generator_Implmnt
# Fri Dec 15 15:05:32 2023

multi_srs_gen completed
# Fri Dec 15 15:05:32 2023

Return Code: 0
Run Time:00h:00m:00s
Copied /home/kristof/FAKS/2L/Satelitske komunikacije/GPS-receiver/development tools/FPGA/FPGA demo board/iCE40LP384_CA_code_generator/iCE40LP384_CA_code_generator/iCE40LP384_CA_code_generator_Implmnt/synwork/iCE40LP384_CA_code_generator_mult.srs to /home/kristof/FAKS/2L/Satelitske komunikacije/GPS-receiver/development tools/FPGA/FPGA demo board/iCE40LP384_CA_code_generator/iCE40LP384_CA_code_generator/iCE40LP384_CA_code_generator_Implmnt/iCE40LP384_CA_code_generator.srs
Complete: Compile Process on iCE40LP384_CA_code_generator_syn|iCE40LP384_CA_code_generator_Implmnt

Running: premap (Pre-mapping) on iCE40LP384_CA_code_generator_syn|iCE40LP384_CA_code_generator_Implmnt
# Fri Dec 15 15:05:32 2023

premap completed with warnings
# Fri Dec 15 15:05:32 2023

Return Code: 1
Run Time:00h:00m:00s
Complete: Compile on iCE40LP384_CA_code_generator_syn|iCE40LP384_CA_code_generator_Implmnt

Running: map (Map) on iCE40LP384_CA_code_generator_syn|iCE40LP384_CA_code_generator_Implmnt
# Fri Dec 15 15:05:32 2023
License granted for 4 parallel jobs

Running: fpga_mapper (Map & Optimize) on iCE40LP384_CA_code_generator_syn|iCE40LP384_CA_code_generator_Implmnt
# Fri Dec 15 15:05:32 2023
Copied /home/kristof/FAKS/2L/Satelitske komunikacije/GPS-receiver/development tools/FPGA/FPGA demo board/iCE40LP384_CA_code_generator/iCE40LP384_CA_code_generator/iCE40LP384_CA_code_generator_Implmnt/synwork/iCE40LP384_CA_code_generator_m.srm to /home/kristof/FAKS/2L/Satelitske komunikacije/GPS-receiver/development tools/FPGA/FPGA demo board/iCE40LP384_CA_code_generator/iCE40LP384_CA_code_generator/iCE40LP384_CA_code_generator_Implmnt/iCE40LP384_CA_code_generator.srm

fpga_mapper completed with warnings
# Fri Dec 15 15:05:33 2023

Return Code: 1
Run Time:00h:00m:01s
Complete: Map on iCE40LP384_CA_code_generator_syn|iCE40LP384_CA_code_generator_Implmnt
Complete: Logic Synthesis on iCE40LP384_CA_code_generator_syn|iCE40LP384_CA_code_generator_Implmnt

exit status=0

exit status=0

Copyright (C) 1992-2014 Lattice Semiconductor Corporation. All rights reserved.
Child process exit with 0.

==contents of /home/kristof/FAKS/2L/Satelitske komunikacije/GPS-receiver/development tools/FPGA/FPGA demo board/iCE40LP384_CA_code_generator/iCE40LP384_CA_code_generator/iCE40LP384_CA_code_generator_Implmnt/iCE40LP384_CA_code_generator.srr
#Build: Synplify Pro L-2016.09L+ice40, Build 077R, Dec  2 2016
#install: /home/kristof/lscc/iCEcube2.2020.12/synpbase
#OS: Linux 
#Hostname: kristof-IdeaPad

# Fri Dec 15 15:05:31 2023

#Implementation: iCE40LP384_CA_code_generator_Implmnt

Synopsys HDL Compiler, version comp2016q3p1, Build 141R, built Dec  5 2016
@N|Running in 64-bit mode
Copyright (C) 1994-2016 Synopsys, Inc. All rights reserved. This Synopsys software and all associated documentation are proprietary to Synopsys, Inc. and may only be used pursuant to the terms and conditions of a written license agreement with Synopsys, Inc. All other use, reproduction, modification, or distribution of the Synopsys software or the associated documentation is strictly prohibited.

Synopsys Verilog Compiler, version comp2016q3p1, Build 141R, built Dec  5 2016
@N|Running in 64-bit mode
Copyright (C) 1994-2016 Synopsys, Inc. All rights reserved. This Synopsys software and all associated documentation are proprietary to Synopsys, Inc. and may only be used pursuant to the terms and conditions of a written license agreement with Synopsys, Inc. All other use, reproduction, modification, or distribution of the Synopsys software or the associated documentation is strictly prohibited.

Running on host :kristof-IdeaPad
@I::"/home/kristof/lscc/iCEcube2.2020.12/synpbase/lib/generic/sb_ice40.v" (library work)
@I::"/home/kristof/lscc/iCEcube2.2020.12/synpbase/lib/vlog/hypermods.v" (library __hyper__lib__)
@I::"/home/kristof/lscc/iCEcube2.2020.12/synpbase/lib/vlog/umr_capim.v" (library snps_haps)
@I::"/home/kristof/lscc/iCEcube2.2020.12/synpbase/lib/vlog/scemi_objects.v" (library snps_haps)
@I::"/home/kristof/lscc/iCEcube2.2020.12/synpbase/lib/vlog/scemi_pipes.svh" (library snps_haps)
@I::"/home/kristof/FAKS/2L/Satelitske komunikacije/GPS-receiver/development tools/FPGA/FPGA demo board/iCE40LP384_CA_code_generator/top.v" (library work)
Verilog syntax check successful!
Selecting top level module TOP
@N: CG364 :"/home/kristof/FAKS/2L/Satelitske komunikacije/GPS-receiver/development tools/FPGA/FPGA demo board/iCE40LP384_CA_code_generator/top.v":33:7:33:15|Synthesizing module shift_reg in library work.

@W: CG136 :"/home/kristof/FAKS/2L/Satelitske komunikacije/GPS-receiver/development tools/FPGA/FPGA demo board/iCE40LP384_CA_code_generator/top.v":42:4:42:5|Edge and condition mismatch
@N: CG364 :"/home/kristof/FAKS/2L/Satelitske komunikacije/GPS-receiver/development tools/FPGA/FPGA demo board/iCE40LP384_CA_code_generator/top.v":1:7:1:9|Synthesizing module TOP in library work.

@N: CL159 :"/home/kristof/FAKS/2L/Satelitske komunikacije/GPS-receiver/development tools/FPGA/FPGA demo board/iCE40LP384_CA_code_generator/top.v":4:10:4:16|Input BUTTON2 is unused.

At c_ver Exit (Real Time elapsed 0h:00m:00s; CPU Time elapsed 0h:00m:00s; Memory used current: 70MB peak: 71MB)

Process took 0h:00m:01s realtime, 0h:00m:01s cputime

Process completed successfully.
# Fri Dec 15 15:05:31 2023

###########################################################]
Synopsys Netlist Linker, version comp2016q3p1, Build 141R, built Dec  5 2016
@N|Running in 64-bit mode
@N: NF107 :"/home/kristof/FAKS/2L/Satelitske komunikacije/GPS-receiver/development tools/FPGA/FPGA demo board/iCE40LP384_CA_code_generator/top.v":1:7:1:9|Selected library: work cell: TOP view verilog as top level
@N: NF107 :"/home/kristof/FAKS/2L/Satelitske komunikacije/GPS-receiver/development tools/FPGA/FPGA demo board/iCE40LP384_CA_code_generator/top.v":1:7:1:9|Selected library: work cell: TOP view verilog as top level

At syn_nfilter Exit (Real Time elapsed 0h:00m:00s; CPU Time elapsed 0h:00m:00s; Memory used current: 67MB peak: 68MB)

Process took 0h:00m:01s realtime, 0h:00m:01s cputime

Process completed successfully.
# Fri Dec 15 15:05:31 2023

###########################################################]
@END

At c_hdl Exit (Real Time elapsed 0h:00m:00s; CPU Time elapsed 0h:00m:00s; Memory used current: 3MB peak: 4MB)

Process took 0h:00m:01s realtime, 0h:00m:01s cputime

Process completed successfully.
# Fri Dec 15 15:05:31 2023

###########################################################]
Synopsys Netlist Linker, version comp2016q3p1, Build 141R, built Dec  5 2016
@N|Running in 64-bit mode
@N: NF107 :"/home/kristof/FAKS/2L/Satelitske komunikacije/GPS-receiver/development tools/FPGA/FPGA demo board/iCE40LP384_CA_code_generator/top.v":1:7:1:9|Selected library: work cell: TOP view verilog as top level
@N: NF107 :"/home/kristof/FAKS/2L/Satelitske komunikacije/GPS-receiver/development tools/FPGA/FPGA demo board/iCE40LP384_CA_code_generator/top.v":1:7:1:9|Selected library: work cell: TOP view verilog as top level

At syn_nfilter Exit (Real Time elapsed 0h:00m:00s; CPU Time elapsed 0h:00m:00s; Memory used current: 67MB peak: 68MB)

Process took 0h:00m:01s realtime, 0h:00m:01s cputime

Process completed successfully.
# Fri Dec 15 15:05:32 2023

###########################################################]
Pre-mapping Report

# Fri Dec 15 15:05:32 2023

Synopsys Lattice Technology Pre-mapping, Version maplat, Build 1612R, Built Dec  5 2016 09:30:53
Copyright (C) 1994-2016 Synopsys, Inc. All rights reserved. This Synopsys software and all associated documentation are proprietary to Synopsys, Inc. and may only be used pursuant to the terms and conditions of a written license agreement with Synopsys, Inc. All other use, reproduction, modification, or distribution of the Synopsys software or the associated documentation is strictly prohibited.
Product Version L-2016.09L+ice40

Mapper Startup Complete (Real Time elapsed 0h:00m:00s; CPU Time elapsed 0h:00m:00s; Memory used current: 98MB peak: 99MB)

@A: MF827 |No constraint file specified.
@L: /home/kristof/FAKS/2L/Satelitske komunikacije/GPS-receiver/development tools/FPGA/FPGA demo board/iCE40LP384_CA_code_generator/iCE40LP384_CA_code_generator/iCE40LP384_CA_code_generator_Implmnt/iCE40LP384_CA_code_generator_scck.rpt 
Printing clock  summary report in "/home/kristof/FAKS/2L/Satelitske komunikacije/GPS-receiver/development tools/FPGA/FPGA demo board/iCE40LP384_CA_code_generator/iCE40LP384_CA_code_generator/iCE40LP384_CA_code_generator_Implmnt/iCE40LP384_CA_code_generator_scck.rpt" file 
@N: MF248 |Running in 64-bit mode.
@N: MF666 |Clock conversion enabled. (Command "set_option -fix_gated_and_generated_clocks 1" in the project file.)

Design Input Complete (Real Time elapsed 0h:00m:00s; CPU Time elapsed 0h:00m:00s; Memory used current: 99MB peak: 101MB)


Mapper Initialization Complete (Real Time elapsed 0h:00m:00s; CPU Time elapsed 0h:00m:00s; Memory used current: 99MB peak: 101MB)


Start loading timing files (Real Time elapsed 0h:00m:00s; CPU Time elapsed 0h:00m:00s; Memory used current: 101MB peak: 101MB)


Finished loading timing files (Real Time elapsed 0h:00m:00s; CPU Time elapsed 0h:00m:00s; Memory used current: 101MB peak: 103MB)

ICG Latch Removal Summary:
Number of ICG latches removed:	0
Number of ICG latches not removed:	0
syn_allowed_resources : blockrams=0  set on top level netlist TOP

Finished netlist restructuring (Real Time elapsed 0h:00m:00s; CPU Time elapsed 0h:00m:00s; Memory used current: 131MB peak: 133MB)



Clock Summary
*****************

Start                           Requested     Requested     Clock                      Clock                     Clock
Clock                           Frequency     Period        Type                       Group                     Load 
----------------------------------------------------------------------------------------------------------------------
TOP|clk                         1.0 MHz       1000.000      inferred                   Autoconstr_clkgroup_0     5    
TOP|stevec_derived_clock[4]     1.0 MHz       1000.000      derived (from TOP|clk)     Autoconstr_clkgroup_0     20   
======================================================================================================================

@W: MT529 :"/home/kristof/FAKS/2L/Satelitske komunikacije/GPS-receiver/development tools/FPGA/FPGA demo board/iCE40LP384_CA_code_generator/top.v":18:0:18:5|Found inferred clock TOP|clk which controls 5 sequential elements including stevec[4:0]. This clock has no specified timing constraint which may prevent conversion of gated or generated clocks and may adversely impact design performance. 

Finished Pre Mapping Phase.
@N: BN225 |Writing default property annotation file /home/kristof/FAKS/2L/Satelitske komunikacije/GPS-receiver/development tools/FPGA/FPGA demo board/iCE40LP384_CA_code_generator/iCE40LP384_CA_code_generator/iCE40LP384_CA_code_generator_Implmnt/iCE40LP384_CA_code_generator.sap.

Starting constraint checker (Real Time elapsed 0h:00m:00s; CPU Time elapsed 0h:00m:00s; Memory used current: 131MB peak: 133MB)

@N: BN362 :"/home/kristof/FAKS/2L/Satelitske komunikacije/GPS-receiver/development tools/FPGA/FPGA demo board/iCE40LP384_CA_code_generator/top.v":40:0:40:5|Removing sequential instance q[0] (in view: work.shift_reg_0(verilog)) of type view:PrimLib.dffs(prim) because it does not drive other instances.
None
None

Finished constraint checker (Real Time elapsed 0h:00m:00s; CPU Time elapsed 0h:00m:00s; Memory used current: 131MB peak: 133MB)

Pre-mapping successful!

At Mapper Exit (Real Time elapsed 0h:00m:00s; CPU Time elapsed 0h:00m:00s; Memory used current: 47MB peak: 133MB)

Process took 0h:00m:01s realtime, 0h:00m:01s cputime
# Fri Dec 15 15:05:32 2023

###########################################################]
Map & Optimize Report

# Fri Dec 15 15:05:32 2023

Synopsys Lattice Technology Mapper, Version maplat, Build 1612R, Built Dec  5 2016 09:30:53
Copyright (C) 1994-2016 Synopsys, Inc. All rights reserved. This Synopsys software and all associated documentation are proprietary to Synopsys, Inc. and may only be used pursuant to the terms and conditions of a written license agreement with Synopsys, Inc. All other use, reproduction, modification, or distribution of the Synopsys software or the associated documentation is strictly prohibited.
Product Version L-2016.09L+ice40

Mapper Startup Complete (Real Time elapsed 0h:00m:00s; CPU Time elapsed 0h:00m:00s; Memory used current: 99MB peak: 99MB)

@N: MF248 |Running in 64-bit mode.
@N: MF666 |Clock conversion enabled. (Command "set_option -fix_gated_and_generated_clocks 1" in the project file.)

Design Input Complete (Real Time elapsed 0h:00m:00s; CPU Time elapsed 0h:00m:00s; Memory used current: 98MB peak: 100MB)


Mapper Initialization Complete (Real Time elapsed 0h:00m:00s; CPU Time elapsed 0h:00m:00s; Memory used current: 98MB peak: 100MB)


Start loading timing files (Real Time elapsed 0h:00m:00s; CPU Time elapsed 0h:00m:00s; Memory used current: 100MB peak: 101MB)


Finished loading timing files (Real Time elapsed 0h:00m:00s; CPU Time elapsed 0h:00m:00s; Memory used current: 100MB peak: 103MB)



Starting Optimization and Mapping (Real Time elapsed 0h:00m:00s; CPU Time elapsed 0h:00m:00s; Memory used current: 131MB peak: 133MB)


Available hyper_sources - for debug and ip models
	None Found

@N: MT206 |Auto Constrain mode is enabled
@W: FX1039 :"/home/kristof/FAKS/2L/Satelitske komunikacije/GPS-receiver/development tools/FPGA/FPGA demo board/iCE40LP384_CA_code_generator/top.v":18:0:18:5|User-specified initial value defined for instance stevec[4:0] is being ignored. 

Finished RTL optimizations (Real Time elapsed 0h:00m:00s; CPU Time elapsed 0h:00m:00s; Memory used current: 131MB peak: 133MB)

@N: BN362 :"/home/kristof/FAKS/2L/Satelitske komunikacije/GPS-receiver/development tools/FPGA/FPGA demo board/iCE40LP384_CA_code_generator/top.v":40:0:40:5|Removing sequential instance G2.q[0] (in view: work.TOP(verilog)) of type view:PrimLib.dffs(prim) because it does not drive other instances.

Starting factoring (Real Time elapsed 0h:00m:00s; CPU Time elapsed 0h:00m:00s; Memory used current: 131MB peak: 133MB)


Finished factoring (Real Time elapsed 0h:00m:00s; CPU Time elapsed 0h:00m:00s; Memory used current: 131MB peak: 133MB)


Finished gated-clock and generated-clock conversion (Real Time elapsed 0h:00m:00s; CPU Time elapsed 0h:00m:00s; Memory used current: 131MB peak: 133MB)


Finished generic timing optimizations - Pass 1 (Real Time elapsed 0h:00m:00s; CPU Time elapsed 0h:00m:00s; Memory used current: 131MB peak: 133MB)


Starting Early Timing Optimization (Real Time elapsed 0h:00m:00s; CPU Time elapsed 0h:00m:00s; Memory used current: 131MB peak: 133MB)


Finished Early Timing Optimization (Real Time elapsed 0h:00m:00s; CPU Time elapsed 0h:00m:00s; Memory used current: 131MB peak: 133MB)


Finished generic timing optimizations - Pass 2 (Real Time elapsed 0h:00m:00s; CPU Time elapsed 0h:00m:00s; Memory used current: 131MB peak: 133MB)


Finished preparing to map (Real Time elapsed 0h:00m:00s; CPU Time elapsed 0h:00m:00s; Memory used current: 131MB peak: 133MB)


Finished technology mapping (Real Time elapsed 0h:00m:00s; CPU Time elapsed 0h:00m:00s; Memory used current: 131MB peak: 133MB)

Pass		 CPU time		Worst Slack		Luts / Registers
------------------------------------------------------------
   1		0h:00m:00s		    -1.30ns		  12 /        24



@N: FX1016 :"/home/kristof/FAKS/2L/Satelitske komunikacije/GPS-receiver/development tools/FPGA/FPGA demo board/iCE40LP384_CA_code_generator/top.v":2:10:2:12|SB_GB_IO inserted on the port clk.
@N: FX1017 :|SB_GB inserted on the net N_31.
@N: FX1017 :|SB_GB inserted on the net BUTTON1_c_i.

Finished technology timing optimizations and critical path resynthesis (Real Time elapsed 0h:00m:00s; CPU Time elapsed 0h:00m:00s; Memory used current: 131MB peak: 133MB)


Finished restoring hierarchy (Real Time elapsed 0h:00m:00s; CPU Time elapsed 0h:00m:00s; Memory used current: 131MB peak: 133MB)

@N: MT611 :|Automatically generated clock TOP|stevec_derived_clock[4] is not used and is being removed


@S |Clock Optimization Summary


#### START OF CLOCK OPTIMIZATION REPORT #####[

1 non-gated/non-generated clock tree(s) driving 24 clock pin(s) of sequential element(s)
0 gated/generated clock tree(s) driving 0 clock pin(s) of sequential element(s)
19 instances converted, 0 sequential instances remain driven by gated/generated clocks

=========================== Non-Gated/Non-Generated Clocks ============================
Clock Tree ID     Driving Element     Drive Element Type     Fanout     Sample Instance
---------------------------------------------------------------------------------------
@K:CKID0001       clk_ibuf_gb_io      SB_GB_IO               24         stevec_e[4]    
=======================================================================================


##### END OF CLOCK OPTIMIZATION REPORT ######]


Start Writing Netlists (Real Time elapsed 0h:00m:00s; CPU Time elapsed 0h:00m:00s; Memory used current: 107MB peak: 133MB)

Writing Analyst data base /home/kristof/FAKS/2L/Satelitske komunikacije/GPS-receiver/development tools/FPGA/FPGA demo board/iCE40LP384_CA_code_generator/iCE40LP384_CA_code_generator/iCE40LP384_CA_code_generator_Implmnt/synwork/iCE40LP384_CA_code_generator_m.srm

Finished Writing Netlist Databases (Real Time elapsed 0h:00m:00s; CPU Time elapsed 0h:00m:00s; Memory used current: 130MB peak: 133MB)

Writing EDIF Netlist and constraint files
@N: BW103 |The default time unit for the Synopsys Constraint File (SDC or FDC) is 1ns.
@N: BW107 |Synopsys Constraint File capacitance units using default value of 1pF 
@N: FX1056 |Writing EDF file: /home/kristof/FAKS/2L/Satelitske komunikacije/GPS-receiver/development tools/FPGA/FPGA demo board/iCE40LP384_CA_code_generator/iCE40LP384_CA_code_generator/iCE40LP384_CA_code_generator_Implmnt/iCE40LP384_CA_code_generator.edf
L-2016.09L+ice40

Finished Writing EDIF Netlist and constraint files (Real Time elapsed 0h:00m:00s; CPU Time elapsed 0h:00m:00s; Memory used current: 131MB peak: 133MB)


Start final timing analysis (Real Time elapsed 0h:00m:00s; CPU Time elapsed 0h:00m:00s; Memory used current: 132MB peak: 133MB)

@W: MT420 |Found inferred clock TOP|clk with period 5.74ns. Please declare a user-defined clock on object "p:clk"


##### START OF TIMING REPORT #####[
# Timing Report written on Fri Dec 15 15:05:33 2023
#


Top view:               TOP
Requested Frequency:    174.3 MHz
Wire load mode:         top
Paths requested:        5
Constraint File(s):    
@N: MT320 |This timing report is an estimate of place and route data. For final timing results, use the FPGA vendor place and route report.

@N: MT322 |Clock constraints include only register-to-register paths associated with each individual clock.



Performance Summary
*******************


Worst slack in design: -1.013

                   Requested     Estimated     Requested     Estimated                Clock        Clock                
Starting Clock     Frequency     Frequency     Period        Period        Slack      Type         Group                
------------------------------------------------------------------------------------------------------------------------
TOP|clk            174.3 MHz     148.1 MHz     5.738         6.751         -1.013     inferred     Autoconstr_clkgroup_0
========================================================================================================================





Clock Relationships
*******************

Clocks             |    rise  to  rise    |    fall  to  fall   |    rise  to  fall   |    fall  to  rise 
----------------------------------------------------------------------------------------------------------
Starting  Ending   |  constraint  slack   |  constraint  slack  |  constraint  slack  |  constraint  slack
----------------------------------------------------------------------------------------------------------
TOP|clk   TOP|clk  |  5.738       -1.013  |  No paths    -      |  No paths    -      |  No paths    -    
==========================================================================================================
 Note: 'No paths' indicates there are no paths in the design for that pair of clock edges.
       'Diff grp' indicates that paths exist but the starting clock and ending clock are in different clock groups.



Interface Information 
*********************

No IO constraint found



====================================
Detailed Report for Clock: TOP|clk
====================================



Starting Points with Worst Slack
********************************

                Starting                                           Arrival           
Instance        Reference     Type         Pin     Net             Time        Slack 
                Clock                                                                
-------------------------------------------------------------------------------------
G2.q[7]         TOP|clk       SB_DFFES     Q       q_G2[7]         0.796       -1.013
G2.q[8]         TOP|clk       SB_DFFES     Q       q_G2[8]         0.796       -0.940
G2.q[9]         TOP|clk       SB_DFFES     Q       q_G2[9]         0.796       -0.909
stevec[0]       TOP|clk       SB_DFF       Q       stevec[0]       0.796       -0.157
stevec[2]       TOP|clk       SB_DFF       Q       stevec[2]       0.796       -0.085
stevec[3]       TOP|clk       SB_DFF       Q       stevec[3]       0.796       -0.054
stevec_e[4]     TOP|clk       SB_DFFE      Q       stevec_i[4]     0.796       0.040 
G1.q[2]         TOP|clk       SB_DFFES     Q       LED_c[2]        0.796       1.020 
G2.q[1]         TOP|clk       SB_DFFES     Q       q_G2[1]         0.796       1.092 
G1.q[9]         TOP|clk       SB_DFFES     Q       LED_c[9]        0.796       1.092 
=====================================================================================


Ending Points with Worst Slack
******************************

             Starting                                      Required           
Instance     Reference     Type         Pin     Net        Time         Slack 
             Clock                                                            
------------------------------------------------------------------------------
G2.q[9]      TOP|clk       SB_DFFES     D       data2      5.583        -1.013
G1.q[0]      TOP|clk       SB_DFFES     E       N_31_g     5.738        -0.157
G2.q[1]      TOP|clk       SB_DFFES     E       N_31_g     5.738        -0.157
G1.q[1]      TOP|clk       SB_DFFES     E       N_31_g     5.738        -0.157
G1.q[2]      TOP|clk       SB_DFFES     E       N_31_g     5.738        -0.157
G2.q[2]      TOP|clk       SB_DFFES     E       N_31_g     5.738        -0.157
G2.q[3]      TOP|clk       SB_DFFES     E       N_31_g     5.738        -0.157
G1.q[3]      TOP|clk       SB_DFFES     E       N_31_g     5.738        -0.157
G1.q[4]      TOP|clk       SB_DFFES     E       N_31_g     5.738        -0.157
G2.q[4]      TOP|clk       SB_DFFES     E       N_31_g     5.738        -0.157
==============================================================================



Worst Path Information
***********************


Path information for path number 1: 
      Requested Period:                      5.738
    - Setup time:                            0.155
    + Clock delay at ending point:           0.000 (ideal)
    = Required time:                         5.583

    - Propagation time:                      6.596
    - Clock delay at starting point:         0.000 (ideal)
    = Slack (critical) :                     -1.013

    Number of logic level(s):                2
    Starting point:                          G2.q[7] / Q
    Ending point:                            G2.q[9] / D
    The start point is clocked by            TOP|clk [rising] on pin C
    The end   point is clocked by            TOP|clk [rising] on pin C

Instance / Net                  Pin      Pin               Arrival     No. of    
Name               Type         Name     Dir     Delay     Time        Fan Out(s)
---------------------------------------------------------------------------------
G2.q[7]            SB_DFFES     Q        Out     0.796     0.796       -         
q_G2[7]            Net          -        -       1.599     -           2         
G2.q_RNO_0[9]      SB_LUT4      I0       In      -         2.395       -         
G2.q_RNO_0[9]      SB_LUT4      O        Out     0.661     3.056       -         
data2_3            Net          -        -       1.371     -           1         
G2.q_RNO[9]        SB_LUT4      I0       In      -         4.427       -         
G2.q_RNO[9]        SB_LUT4      O        Out     0.661     5.089       -         
data2              Net          -        -       1.507     -           1         
G2.q[9]            SB_DFFES     D        In      -         6.596       -         
=================================================================================
Total path delay (propagation time + setup) of 6.751 is 2.274(33.7%) logic and 4.477(66.3%) route.
Path delay compensated for clock skew. Clock skew is added to clock-to-out value, and is subtracted from setup time value


Path information for path number 2: 
      Requested Period:                      5.738
    - Setup time:                            0.155
    + Clock delay at ending point:           0.000 (ideal)
    = Required time:                         5.583

    - Propagation time:                      6.524
    - Clock delay at starting point:         0.000 (ideal)
    = Slack (non-critical) :                 -0.940

    Number of logic level(s):                2
    Starting point:                          G2.q[8] / Q
    Ending point:                            G2.q[9] / D
    The start point is clocked by            TOP|clk [rising] on pin C
    The end   point is clocked by            TOP|clk [rising] on pin C

Instance / Net                  Pin      Pin               Arrival     No. of    
Name               Type         Name     Dir     Delay     Time        Fan Out(s)
---------------------------------------------------------------------------------
G2.q[8]            SB_DFFES     Q        Out     0.796     0.796       -         
q_G2[8]            Net          -        -       1.599     -           2         
G2.q_RNO_0[9]      SB_LUT4      I1       In      -         2.395       -         
G2.q_RNO_0[9]      SB_LUT4      O        Out     0.589     2.984       -         
data2_3            Net          -        -       1.371     -           1         
G2.q_RNO[9]        SB_LUT4      I0       In      -         4.355       -         
G2.q_RNO[9]        SB_LUT4      O        Out     0.661     5.017       -         
data2              Net          -        -       1.507     -           1         
G2.q[9]            SB_DFFES     D        In      -         6.524       -         
=================================================================================
Total path delay (propagation time + setup) of 6.679 is 2.202(33.0%) logic and 4.477(67.0%) route.
Path delay compensated for clock skew. Clock skew is added to clock-to-out value, and is subtracted from setup time value


Path information for path number 3: 
      Requested Period:                      5.738
    - Setup time:                            0.155
    + Clock delay at ending point:           0.000 (ideal)
    = Required time:                         5.583

    - Propagation time:                      6.493
    - Clock delay at starting point:         0.000 (ideal)
    = Slack (non-critical) :                 -0.909

    Number of logic level(s):                2
    Starting point:                          G2.q[9] / Q
    Ending point:                            G2.q[9] / D
    The start point is clocked by            TOP|clk [rising] on pin C
    The end   point is clocked by            TOP|clk [rising] on pin C

Instance / Net                  Pin      Pin               Arrival     No. of    
Name               Type         Name     Dir     Delay     Time        Fan Out(s)
---------------------------------------------------------------------------------
G2.q[9]            SB_DFFES     Q        Out     0.796     0.796       -         
q_G2[9]            Net          -        -       1.599     -           2         
G2.q_RNO_0[9]      SB_LUT4      I2       In      -         2.395       -         
G2.q_RNO_0[9]      SB_LUT4      O        Out     0.558     2.953       -         
data2_3            Net          -        -       1.371     -           1         
G2.q_RNO[9]        SB_LUT4      I0       In      -         4.324       -         
G2.q_RNO[9]        SB_LUT4      O        Out     0.661     4.986       -         
data2              Net          -        -       1.507     -           1         
G2.q[9]            SB_DFFES     D        In      -         6.493       -         
=================================================================================
Total path delay (propagation time + setup) of 6.648 is 2.171(32.7%) logic and 4.477(67.3%) route.
Path delay compensated for clock skew. Clock skew is added to clock-to-out value, and is subtracted from setup time value


Path information for path number 4: 
      Requested Period:                      5.738
    - Setup time:                            0.000
    + Clock delay at ending point:           0.000 (ideal)
    = Required time:                         5.738

    - Propagation time:                      5.895
    - Clock delay at starting point:         0.000 (ideal)
    = Slack (non-critical) :                 -0.157

    Number of logic level(s):                3
    Starting point:                          stevec[0] / Q
    Ending point:                            G1.q[0] / E
    The start point is clocked by            TOP|clk [rising] on pin C
    The end   point is clocked by            TOP|clk [rising] on pin C

Instance / Net                       Pin                              Pin               Arrival     No. of    
Name                    Type         Name                             Dir     Delay     Time        Fan Out(s)
--------------------------------------------------------------------------------------------------------------
stevec[0]               SB_DFF       Q                                Out     0.796     0.796       -         
stevec[0]               Net          -                                -       1.599     -           6         
stevec_e_RNIL8L9[4]     SB_LUT4      I0                               In      -         2.395       -         
stevec_e_RNIL8L9[4]     SB_LUT4      O                                Out     0.661     3.056       -         
stevec_e_RNIL8L9[4]     Net          -                                -       1.371     -           1         
stevec_RNI8OFC[1]       SB_LUT4      I2                               In      -         4.427       -         
stevec_RNI8OFC[1]       SB_LUT4      O                                Out     0.558     4.986       -         
stevec_RNI8OFC[1]       Net          -                                -       0.000     -           1         
stevec_RNI8OFC_0[1]     SB_GB        USER_SIGNAL_TO_GLOBAL_BUFFER     In      -         4.986       -         
stevec_RNI8OFC_0[1]     SB_GB        GLOBAL_BUFFER_OUTPUT             Out     0.910     5.895       -         
N_31_g                  Net          -                                -       0.000     -           19        
G1.q[0]                 SB_DFFES     E                                In      -         5.895       -         
==============================================================================================================
Total path delay (propagation time + setup) of 5.895 is 2.925(49.6%) logic and 2.970(50.4%) route.
Path delay compensated for clock skew. Clock skew is added to clock-to-out value, and is subtracted from setup time value


Path information for path number 5: 
      Requested Period:                      5.738
    - Setup time:                            0.000
    + Clock delay at ending point:           0.000 (ideal)
    = Required time:                         5.738

    - Propagation time:                      5.895
    - Clock delay at starting point:         0.000 (ideal)
    = Slack (non-critical) :                 -0.157

    Number of logic level(s):                3
    Starting point:                          stevec[0] / Q
    Ending point:                            G2.q[5] / E
    The start point is clocked by            TOP|clk [rising] on pin C
    The end   point is clocked by            TOP|clk [rising] on pin C

Instance / Net                       Pin                              Pin               Arrival     No. of    
Name                    Type         Name                             Dir     Delay     Time        Fan Out(s)
--------------------------------------------------------------------------------------------------------------
stevec[0]               SB_DFF       Q                                Out     0.796     0.796       -         
stevec[0]               Net          -                                -       1.599     -           6         
stevec_e_RNIL8L9[4]     SB_LUT4      I0                               In      -         2.395       -         
stevec_e_RNIL8L9[4]     SB_LUT4      O                                Out     0.661     3.056       -         
stevec_e_RNIL8L9[4]     Net          -                                -       1.371     -           1         
stevec_RNI8OFC[1]       SB_LUT4      I2                               In      -         4.427       -         
stevec_RNI8OFC[1]       SB_LUT4      O                                Out     0.558     4.986       -         
stevec_RNI8OFC[1]       Net          -                                -       0.000     -           1         
stevec_RNI8OFC_0[1]     SB_GB        USER_SIGNAL_TO_GLOBAL_BUFFER     In      -         4.986       -         
stevec_RNI8OFC_0[1]     SB_GB        GLOBAL_BUFFER_OUTPUT             Out     0.910     5.895       -         
N_31_g                  Net          -                                -       0.000     -           19        
G2.q[5]                 SB_DFFES     E                                In      -         5.895       -         
==============================================================================================================
Total path delay (propagation time + setup) of 5.895 is 2.925(49.6%) logic and 2.970(50.4%) route.
Path delay compensated for clock skew. Clock skew is added to clock-to-out value, and is subtracted from setup time value



##### END OF TIMING REPORT #####]

Timing exceptions that could not be applied
None

Finished final timing analysis (Real Time elapsed 0h:00m:00s; CPU Time elapsed 0h:00m:00s; Memory used current: 132MB peak: 133MB)


Finished timing report (Real Time elapsed 0h:00m:00s; CPU Time elapsed 0h:00m:00s; Memory used current: 132MB peak: 133MB)

---------------------------------------
Resource Usage Report for TOP 

Mapping to part: ice40lp384qn32
Cell usage:
GND             2 uses
SB_DFF          4 uses
SB_DFFE         1 use
SB_DFFES        19 uses
SB_GB           2 uses
VCC             2 uses
SB_LUT4         12 uses

I/O ports: 15
I/O primitives: 14
SB_GB_IO       1 use
SB_IO          13 uses

I/O Register bits:                  0
Register bits not including I/Os:   24 (6%)
Total load per clock:
   TOP|clk: 1

@S |Mapping Summary:
Total  LUTs: 12 (3%)

Distribution of All Consumed LUTs = LUT4 
Distribution of All Consumed Luts 12 = 12 

Mapper successful!

At Mapper Exit (Real Time elapsed 0h:00m:00s; CPU Time elapsed 0h:00m:00s; Memory used current: 26MB peak: 133MB)

Process took 0h:00m:01s realtime, 0h:00m:01s cputime
# Fri Dec 15 15:05:33 2023

###########################################################]


Synthesis exit by 0.
Current Implementation iCE40LP384_CA_code_generator_Implmnt its sbt path: /home/kristof/FAKS/2L/Satelitske komunikacije/GPS-receiver/development tools/FPGA/FPGA demo board/iCE40LP384_CA_code_generator/iCE40LP384_CA_code_generator/iCE40LP384_CA_code_generator_Implmnt/sbt
Synthesis succeed.
Synthesis succeeded.
Synthesis runtime 2 seconds


"/home/kristof/lscc/iCEcube2.2020.12/sbt_backend/bin/linux/opt/edifparser" "/home/kristof/lscc/iCEcube2.2020.12/sbt_backend/devices/ICE40P03.dev" "/home/kristof/FAKS/2L/Satelitske komunikacije/GPS-receiver/development tools/FPGA/FPGA demo board/iCE40LP384_CA_code_generator/iCE40LP384_CA_code_generator/iCE40LP384_CA_code_generator_Implmnt/iCE40LP384_CA_code_generator.edf " "/home/kristof/FAKS/2L/Satelitske komunikacije/GPS-receiver/development tools/FPGA/FPGA demo board/iCE40LP384_CA_code_generator/iCE40LP384_CA_code_generator/iCE40LP384_CA_code_generator_Implmnt/sbt/netlist" "-pQN32" -c --devicename iCE40LP384
starting edif parserLattice Semiconductor Corporation  Edif Parser
Release:        2020.12.27943
Build Date:     Dec 10 2020 17:23:29

running edif parserParsing edif file: /home/kristof/FAKS/2L/Satelitske komunikacije/GPS-receiver/development tools/FPGA/FPGA demo board/iCE40LP384_CA_code_generator/iCE40LP384_CA_code_generator/iCE40LP384_CA_code_generator_Implmnt/iCE40LP384_CA_code_generator.edf...
start to read sdc/scf file /home/kristof/FAKS/2L/Satelitske komunikacije/GPS-receiver/development tools/FPGA/FPGA demo board/iCE40LP384_CA_code_generator/iCE40LP384_CA_code_generator/iCE40LP384_CA_code_generator_Implmnt/iCE40LP384_CA_code_generator.scf
sdc_reader OK /home/kristof/FAKS/2L/Satelitske komunikacije/GPS-receiver/development tools/FPGA/FPGA demo board/iCE40LP384_CA_code_generator/iCE40LP384_CA_code_generator/iCE40LP384_CA_code_generator_Implmnt/iCE40LP384_CA_code_generator.scf
Stored edif netlist at /home/kristof/FAKS/2L/Satelitske komunikacije/GPS-receiver/development tools/FPGA/FPGA demo board/iCE40LP384_CA_code_generator/iCE40LP384_CA_code_generator/iCE40LP384_CA_code_generator_Implmnt/sbt/netlist/oadb-TOP...

write Timing Constraint to /home/kristof/FAKS/2L/Satelitske komunikacije/GPS-receiver/development tools/FPGA/FPGA demo board/iCE40LP384_CA_code_generator/iCE40LP384_CA_code_generator/iCE40LP384_CA_code_generator_Implmnt/sbt/Temp/sbt_temp.sdc

EDIF Parser succeeded
Top module is: TOP

EDF Parser run-time: 0 (sec)
edif parser succeed.
Unrecognizable name TOP
QPainter::setCompositionMode: Blend modes not supported on device
QPainter::setCompositionMode: Blend modes not supported on device
QPainter::setCompositionMode: Blend modes not supported on device
QPainter::setCompositionMode: Blend modes not supported on device
QPainter::setCompositionMode: Blend modes not supported on device
QPainter::setCompositionMode: Blend modes not supported on device
QPainter::setCompositionMode: Blend modes not supported on device
QPainter::setCompositionMode: Blend modes not supported on device
QPainter::setCompositionMode: Blend modes not supported on device
QPainter::setCompositionMode: Blend modes not supported on device
QPainter::setCompositionMode: Blend modes not supported on device
QPainter::setCompositionMode: Blend modes not supported on device
QPainter::setCompositionMode: Blend modes not supported on device
QPainter::setCompositionMode: Blend modes not supported on device
QPainter::setCompositionMode: Blend modes not supported on device
QPainter::setCompositionMode: Blend modes not supported on device
QPainter::setCompositionMode: Blend modes not supported on device
QPainter::setCompositionMode: Blend modes not supported on device
QPainter::setCompositionMode: Blend modes not supported on device
QPainter::setCompositionMode: Blend modes not supported on device
QPainter::setCompositionMode: Blend modes not supported on device
QPainter::setCompositionMode: Blend modes not supported on device
QPainter::setCompositionMode: Blend modes not supported on device
QPainter::setCompositionMode: Blend modes not supported on device
QPainter::setCompositionMode: Blend modes not supported on device
QPainter::setCompositionMode: Blend modes not supported on device
QPainter::setCompositionMode: Blend modes not supported on device
QPainter::setCompositionMode: Blend modes not supported on device
QPainter::setCompositionMode: Blend modes not supported on device
QPainter::setCompositionMode: Blend modes not supported on device
QPainter::setCompositionMode: Blend modes not supported on device
QPainter::setCompositionMode: Blend modes not supported on device
QPainter::setCompositionMode: Blend modes not supported on device
QPainter::setCompositionMode: Blend modes not supported on device
QPainter::setCompositionMode: Blend modes not supported on device
QPainter::setCompositionMode: Blend modes not supported on device
QPainter::setCompositionMode: Blend modes not supported on device
QPainter::setCompositionMode: Blend modes not supported on device
QPainter::setCompositionMode: Blend modes not supported on device
QPainter::setCompositionMode: Blend modes not supported on device
QPainter::setCompositionMode: Blend modes not supported on device
QPainter::setCompositionMode: Blend modes not supported on device
QPainter::setCompositionMode: Blend modes not supported on device
QPainter::setCompositionMode: Blend modes not supported on device
QPainter::setCompositionMode: Blend modes not supported on device
QPainter::setCompositionMode: Blend modes not supported on device
QPainter::setCompositionMode: Blend modes not supported on device
QPainter::setCompositionMode: Blend modes not supported on device
QPainter::setCompositionMode: Blend modes not supported on device
QPainter::setCompositionMode: Blend modes not supported on device
QPainter::setCompositionMode: Blend modes not supported on device
QPainter::setCompositionMode: Blend modes not supported on device
QPainter::setCompositionMode: Blend modes not supported on device
QPainter::setCompositionMode: Blend modes not supported on device
QPainter::setCompositionMode: Blend modes not supported on device
QPainter::setCompositionMode: Blend modes not supported on device
QPainter::setCompositionMode: Blend modes not supported on device
QPainter::setCompositionMode: Blend modes not supported on device
QPainter::setCompositionMode: Blend modes not supported on device
QPainter::setCompositionMode: Blend modes not supported on device
QPainter::setCompositionMode: Blend modes not supported on device
QPainter::setCompositionMode: Blend modes not supported on device
QPainter::setCompositionMode: Blend modes not supported on device
QPainter::setCompositionMode: Blend modes not supported on device
QPainter::setCompositionMode: Blend modes not supported on device
QPainter::setCompositionMode: Blend modes not supported on device
QPainter::setCompositionMode: Blend modes not supported on device
QPainter::setCompositionMode: Blend modes not supported on device
QPainter::setCompositionMode: Blend modes not supported on device
QPainter::setCompositionMode: Blend modes not supported on device
QPainter::setCompositionMode: Blend modes not supported on device
QPainter::setCompositionMode: Blend modes not supported on device
QPainter::setCompositionMode: Blend modes not supported on device
QPainter::setCompositionMode: Blend modes not supported on device
QPainter::setCompositionMode: Blend modes not supported on device
QPainter::setCompositionMode: Blend modes not supported on device
QPainter::setCompositionMode: Blend modes not supported on device
QPainter::setCompositionMode: Blend modes not supported on device
QPainter::setCompositionMode: Blend modes not supported on device
QPainter::setCompositionMode: Blend modes not supported on device
QPainter::setCompositionMode: Blend modes not supported on device
QPainter::setCompositionMode: Blend modes not supported on device
QPainter::setCompositionMode: Blend modes not supported on device
QPainter::setCompositionMode: Blend modes not supported on device
QPainter::setCompositionMode: Blend modes not supported on device
QPainter::setCompositionMode: Blend modes not supported on device
QPainter::setCompositionMode: Blend modes not supported on device
QPainter::setCompositionMode: Blend modes not supported on device
QPainter::setCompositionMode: Blend modes not supported on device
QPainter::setCompositionMode: Blend modes not supported on device
QPainter::setCompositionMode: Blend modes not supported on device
QPainter::setCompositionMode: Blend modes not supported on device
QPainter::setCompositionMode: Blend modes not supported on device
QPainter::setCompositionMode: Blend modes not supported on device
QPainter::setCompositionMode: Blend modes not supported on device
QPainter::setCompositionMode: Blend modes not supported on device
QPainter::setCompositionMode: Blend modes not supported on device
QPainter::setCompositionMode: Blend modes not supported on device
QPainter::setCompositionMode: Blend modes not supported on device
QPainter::setCompositionMode: Blend modes not supported on device
QPainter::setCompositionMode: Blend modes not supported on device
QPainter::setCompositionMode: Blend modes not supported on device
QPainter::setCompositionMode: Blend modes not supported on device
QPainter::setCompositionMode: Blend modes not supported on device
QPainter::setCompositionMode: Blend modes not supported on device
QPainter::setCompositionMode: Blend modes not supported on device
QPainter::setCompositionMode: Blend modes not supported on device
QPainter::setCompositionMode: Blend modes not supported on device
QPainter::setCompositionMode: Blend modes not supported on device
QPainter::setCompositionMode: Blend modes not supported on device
QPainter::setCompositionMode: Blend modes not supported on device
QPainter::setCompositionMode: Blend modes not supported on device
QPainter::setCompositionMode: Blend modes not supported on device
QPainter::setCompositionMode: Blend modes not supported on device
QPainter::setCompositionMode: Blend modes not supported on device
QPainter::setCompositionMode: Blend modes not supported on device
QPainter::setCompositionMode: Blend modes not supported on device
QPainter::setCompositionMode: Blend modes not supported on device
QPainter::setCompositionMode: Blend modes not supported on device
QPainter::setCompositionMode: Blend modes not supported on device
QPainter::setCompositionMode: Blend modes not supported on device
QPainter::setCompositionMode: Blend modes not supported on device
QPainter::setCompositionMode: Blend modes not supported on device
QPainter::setCompositionMode: Blend modes not supported on device
QPainter::setCompositionMode: Blend modes not supported on device
QPainter::setCompositionMode: Blend modes not supported on device
QPainter::setCompositionMode: Blend modes not supported on device
QPainter::setCompositionMode: Blend modes not supported on device
QPainter::setCompositionMode: Blend modes not supported on device
QPainter::setCompositionMode: Blend modes not supported on device
QPainter::setCompositionMode: Blend modes not supported on device
QPainter::setCompositionMode: Blend modes not supported on device
QPainter::setCompositionMode: Blend modes not supported on device
QPainter::setCompositionMode: Blend modes not supported on device
QPainter::setCompositionMode: Blend modes not supported on device
QPainter::setCompositionMode: Blend modes not supported on device


"/home/kristof/lscc/iCEcube2.2020.12/sbt_backend/bin/linux/opt/edifparser" "/home/kristof/lscc/iCEcube2.2020.12/sbt_backend/devices/ICE40P03.dev" "/home/kristof/FAKS/2L/Satelitske komunikacije/GPS-receiver/development tools/FPGA/FPGA demo board/iCE40LP384_CA_code_generator/iCE40LP384_CA_code_generator/iCE40LP384_CA_code_generator_Implmnt/iCE40LP384_CA_code_generator.edf " "/home/kristof/FAKS/2L/Satelitske komunikacije/GPS-receiver/development tools/FPGA/FPGA demo board/iCE40LP384_CA_code_generator/iCE40LP384_CA_code_generator/iCE40LP384_CA_code_generator_Implmnt/sbt/netlist" "-pQN32" "-y/home/kristof/FAKS/2L/Satelitske komunikacije/GPS-receiver/development tools/FPGA/FPGA demo board/iCE40LP384_CA_code_generator/iCE40LP384_CA_code_generator/iCE40LP384_CA_code_generator_Implmnt/sbt/constraint/TOP_pcf_sbt.pcf " -c --devicename iCE40LP384
starting edif parserLattice Semiconductor Corporation  Edif Parser
Release:        2020.12.27943
Build Date:     Dec 10 2020 17:23:29

Parsing edif file: /home/kristof/FAKS/2L/Satelitske komunikacije/GPS-receiver/development tools/FPGA/FPGA demo board/iCE40LP384_CA_code_generator/iCE40LP384_CA_code_generator/iCE40LP384_CA_code_generator_Implmnt/iCE40LP384_CA_code_generator.edf...
Parsing constraint file: /home/kristof/FAKS/2L/Satelitske komunikacije/GPS-receiver/development tools/FPGA/FPGA demo board/iCE40LP384_CA_code_generator/iCE40LP384_CA_code_generator/iCE40LP384_CA_code_generator_Implmnt/sbt/constraint/TOP_pcf_sbt.pcf...
start to read sdc/scf file /home/kristof/FAKS/2L/Satelitske komunikacije/GPS-receiver/development tools/FPGA/FPGA demo board/iCE40LP384_CA_code_generator/iCE40LP384_CA_code_generator/iCE40LP384_CA_code_generator_Implmnt/iCE40LP384_CA_code_generator.scf
running edif parsersdc_reader OK /home/kristof/FAKS/2L/Satelitske komunikacije/GPS-receiver/development tools/FPGA/FPGA demo board/iCE40LP384_CA_code_generator/iCE40LP384_CA_code_generator/iCE40LP384_CA_code_generator_Implmnt/iCE40LP384_CA_code_generator.scf
Stored edif netlist at /home/kristof/FAKS/2L/Satelitske komunikacije/GPS-receiver/development tools/FPGA/FPGA demo board/iCE40LP384_CA_code_generator/iCE40LP384_CA_code_generator/iCE40LP384_CA_code_generator_Implmnt/sbt/netlist/oadb-TOP...

write Timing Constraint to /home/kristof/FAKS/2L/Satelitske komunikacije/GPS-receiver/development tools/FPGA/FPGA demo board/iCE40LP384_CA_code_generator/iCE40LP384_CA_code_generator/iCE40LP384_CA_code_generator_Implmnt/sbt/Temp/sbt_temp.sdc

EDIF Parser succeeded
Top module is: TOP

EDF Parser run-time: 0 (sec)
edif parser succeed.


"/home/kristof/lscc/iCEcube2.2020.12/sbt_backend/bin/linux/opt/sbtplacer" --des-lib "/home/kristof/FAKS/2L/Satelitske komunikacije/GPS-receiver/development tools/FPGA/FPGA demo board/iCE40LP384_CA_code_generator/iCE40LP384_CA_code_generator/iCE40LP384_CA_code_generator_Implmnt/sbt/netlist/oadb-TOP" --outdir "/home/kristof/FAKS/2L/Satelitske komunikacije/GPS-receiver/development tools/FPGA/FPGA demo board/iCE40LP384_CA_code_generator/iCE40LP384_CA_code_generator/iCE40LP384_CA_code_generator_Implmnt/sbt/outputs/placer" --device-file "/home/kristof/lscc/iCEcube2.2020.12/sbt_backend/devices/ICE40P03.dev" --package QN32 --deviceMarketName iCE40LP384 --sdc-file "/home/kristof/FAKS/2L/Satelitske komunikacije/GPS-receiver/development tools/FPGA/FPGA demo board/iCE40LP384_CA_code_generator/iCE40LP384_CA_code_generator/iCE40LP384_CA_code_generator_Implmnt/sbt/Temp/sbt_temp.sdc" --lib-file "/home/kristof/lscc/iCEcube2.2020.12/sbt_backend/devices/ice40LP384.lib" --effort_level std --out-sdc-file "/home/kristof/FAKS/2L/Satelitske komunikacije/GPS-receiver/development tools/FPGA/FPGA demo board/iCE40LP384_CA_code_generator/iCE40LP384_CA_code_generator/iCE40LP384_CA_code_generator_Implmnt/sbt/outputs/placer/TOP_pl.sdc"
starting placerrunning placerExecuting : /home/kristof/lscc/iCEcube2.2020.12/sbt_backend/bin/linux/opt/sbtplacer --des-lib /home/kristof/FAKS/2L/Satelitske komunikacije/GPS-receiver/development tools/FPGA/FPGA demo board/iCE40LP384_CA_code_generator/iCE40LP384_CA_code_generator/iCE40LP384_CA_code_generator_Implmnt/sbt/netlist/oadb-TOP --outdir /home/kristof/FAKS/2L/Satelitske komunikacije/GPS-receiver/development tools/FPGA/FPGA demo board/iCE40LP384_CA_code_generator/iCE40LP384_CA_code_generator/iCE40LP384_CA_code_generator_Implmnt/sbt/outputs/placer --device-file /home/kristof/lscc/iCEcube2.2020.12/sbt_backend/devices/ICE40P03.dev --package QN32 --deviceMarketName iCE40LP384 --sdc-file /home/kristof/FAKS/2L/Satelitske komunikacije/GPS-receiver/development tools/FPGA/FPGA demo board/iCE40LP384_CA_code_generator/iCE40LP384_CA_code_generator/iCE40LP384_CA_code_generator_Implmnt/sbt/Temp/sbt_temp.sdc --lib-file /home/kristof/lscc/iCEcube2.2020.12/sbt_backend/devices/ice40LP384.lib --effort_level std --out-sdc-file /home/kristof/FAKS/2L/Satelitske komunikacije/GPS-receiver/development tools/FPGA/FPGA demo board/iCE40LP384_CA_code_generator/iCE40LP384_CA_code_generator/iCE40LP384_CA_code_generator_Implmnt/sbt/outputs/placer/TOP_pl.sdc
Lattice Semiconductor Corporation  Placer
Release:        2020.12.27943
Build Date:     Dec 10 2020 17:43:13

I2004: Option and Settings Summary
=============================================================
Device file          - /home/kristof/lscc/iCEcube2.2020.12/sbt_backend/devices/ICE40P03.dev
Package              - QN32
Design database      - /home/kristof/FAKS/2L/Satelitske komunikacije/GPS-receiver/development tools/FPGA/FPGA demo board/iCE40LP384_CA_code_generator/iCE40LP384_CA_code_generator/iCE40LP384_CA_code_generator_Implmnt/sbt/netlist/oadb-TOP
SDC file             - /home/kristof/FAKS/2L/Satelitske komunikacije/GPS-receiver/development tools/FPGA/FPGA demo board/iCE40LP384_CA_code_generator/iCE40LP384_CA_code_generator/iCE40LP384_CA_code_generator_Implmnt/sbt/Temp/sbt_temp.sdc
Output directory     - /home/kristof/FAKS/2L/Satelitske komunikacije/GPS-receiver/development tools/FPGA/FPGA demo board/iCE40LP384_CA_code_generator/iCE40LP384_CA_code_generator/iCE40LP384_CA_code_generator_Implmnt/sbt/outputs/placer
Timing library       - /home/kristof/lscc/iCEcube2.2020.12/sbt_backend/devices/ice40LP384.lib
Effort level         - std

I2050: Starting reading inputs for placer
=============================================================
I2100: Reading design library: /home/kristof/FAKS/2L/Satelitske komunikacije/GPS-receiver/development tools/FPGA/FPGA demo board/iCE40LP384_CA_code_generator/iCE40LP384_CA_code_generator/iCE40LP384_CA_code_generator_Implmnt/sbt/netlist/oadb-TOP/BFPGA_DESIGN_ep
I2065: Reading device file : /home/kristof/lscc/iCEcube2.2020.12/sbt_backend/devices/ICE40P03.dev
I2051: Reading of inputs for placer completed successfully

I2053: Starting placement of the design
=============================================================

Input Design Statistics
    Number of LUTs      	:	12
    Number of DFFs      	:	24
    Number of DFFs packed to IO	:	0
    Number of Carrys    	:	0
    Number of RAMs      	:	0
    Number of ROMs      	:	0
    Number of IOs       	:	13
    Number of GBIOs     	:	1
    Number of GBs       	:	2
    Number of WarmBoot  	:	0


Phase 1
I2077: Start design legalization

Design Legalization Statistics
    Number of feedthru LUTs inserted to legalize input of DFFs     	:	17
    Number of feedthru LUTs inserted for LUTs driving multiple DFFs	:	0
    Number of LUTs replicated for LUTs driving multiple DFFs       	:	0
    Number of feedthru LUTs inserted to legalize output of CARRYs  	:	0
    Number of feedthru LUTs inserted to legalize global signals    	:	0
    Number of feedthru CARRYs inserted to legalize input of CARRYs 	:	0
    Number of inserted LUTs to Legalize IOs with PIN_TYPE= 01xxxx  	:	0
    Number of inserted LUTs to Legalize IOs with PIN_TYPE= 10xxxx  	:	0
    Number of inserted LUTs to Legalize IOs with PIN_TYPE= 11xxxx  	:	0
    Total LUTs inserted                                            	:	17
    Total CARRYs inserted                                          	:	0


I2078: Design legalization is completed successfully
I2088: Phase 1, elapsed time : 0.0 (sec)


Phase 2
I2088: Phase 2, elapsed time : 0.0 (sec)

Phase 3

Design Statistics after Packing
    Number of LUTs      	:	29
    Number of DFFs      	:	24
    Number of DFFs packed to IO	:	0
    Number of Carrys    	:	0

Device Utilization Summary after Packing
    Sequential LogicCells
        LUT and DFF      	:	24
        LUT, DFF and CARRY	:	0
    Combinational LogicCells
        Only LUT         	:	5
        CARRY Only       	:	0
        LUT with CARRY   	:	0
    LogicCells                  :	29/384
    PLBs                        :	5/48
    BRAMs                       :	0/0
    IOs and GBIOs               :	14/21


I2088: Phase 3, elapsed time : 0.1 (sec)

Phase 4
I2088: Phase 4, elapsed time : 0.0 (sec)

Phase 5
I2088: Phase 5, elapsed time : 0.0 (sec)

Phase 6
I2088: Phase 6, elapsed time : 2.8 (sec)

Final Design Statistics
    Number of LUTs      	:	29
    Number of DFFs      	:	24
    Number of DFFs packed to IO	:	0
    Number of Carrys    	:	0
    Number of RAMs      	:	0
    Number of ROMs      	:	0
    Number of IOs       	:	13
    Number of GBIOs     	:	1
    Number of GBs       	:	2
    Number of WarmBoot  	:	0

Device Utilization Summary
    LogicCells                  :	29/384
    PLBs                        :	14/48
    BRAMs                       :	0/0
    IOs and GBIOs               :	14/21



#####################################################################
Placement Timing Summary

The timing summary is based on estimated routing delays after
placement. For final timing report, please carry out the timing
analysis after routing.
=====================================================================

#####################################################################
                     Clock Summary 
=====================================================================
Number of clocks: 1
Clock: TOP|clk | Frequency: 220.43 MHz | Target: 174.22 MHz

=====================================================================
                     End of Clock Summary
#####################################################################

I2054: Placement of design completed successfully

I2076: Placer run-time: 3.0 sec.

placer succeed.
starting IPExporterrunning IPExporterIPExporter succeed.


"/home/kristof/lscc/iCEcube2.2020.12/sbt_backend/bin/linux/opt/packer" "/home/kristof/lscc/iCEcube2.2020.12/sbt_backend/devices/ICE40P03.dev" "/home/kristof/FAKS/2L/Satelitske komunikacije/GPS-receiver/development tools/FPGA/FPGA demo board/iCE40LP384_CA_code_generator/iCE40LP384_CA_code_generator/iCE40LP384_CA_code_generator_Implmnt/sbt/netlist/oadb-TOP" --package QN32 --outdir "/home/kristof/FAKS/2L/Satelitske komunikacije/GPS-receiver/development tools/FPGA/FPGA demo board/iCE40LP384_CA_code_generator/iCE40LP384_CA_code_generator/iCE40LP384_CA_code_generator_Implmnt/sbt/outputs/packer" --DRC_only  --translator "/home/kristof/lscc/iCEcube2.2020.12/sbt_backend/bin/sdc_translator.tcl" --src_sdc_file "/home/kristof/FAKS/2L/Satelitske komunikacije/GPS-receiver/development tools/FPGA/FPGA demo board/iCE40LP384_CA_code_generator/iCE40LP384_CA_code_generator/iCE40LP384_CA_code_generator_Implmnt/sbt/outputs/placer/TOP_pl.sdc" --dst_sdc_file "/home/kristof/FAKS/2L/Satelitske komunikacije/GPS-receiver/development tools/FPGA/FPGA demo board/iCE40LP384_CA_code_generator/iCE40LP384_CA_code_generator/iCE40LP384_CA_code_generator_Implmnt/sbt/outputs/packer/TOP_pk.sdc" --devicename iCE40LP384
starting packerrunning packerLattice Semiconductor Corporation  Packer
Release:        2020.12.27943
Build Date:     Dec 10 2020 17:24:46

Begin Packing...
initializing finish
Total HPWL cost is 49
used logic cells: 29
Design Rule Checking Succeeded

DRC Checker run-time: 0 (sec)
packer succeed.


"/home/kristof/lscc/iCEcube2.2020.12/sbt_backend/bin/linux/opt/packer" "/home/kristof/lscc/iCEcube2.2020.12/sbt_backend/devices/ICE40P03.dev" "/home/kristof/FAKS/2L/Satelitske komunikacije/GPS-receiver/development tools/FPGA/FPGA demo board/iCE40LP384_CA_code_generator/iCE40LP384_CA_code_generator/iCE40LP384_CA_code_generator_Implmnt/sbt/netlist/oadb-TOP" --package QN32 --outdir "/home/kristof/FAKS/2L/Satelitske komunikacije/GPS-receiver/development tools/FPGA/FPGA demo board/iCE40LP384_CA_code_generator/iCE40LP384_CA_code_generator/iCE40LP384_CA_code_generator_Implmnt/sbt/outputs/packer" --translator "/home/kristof/lscc/iCEcube2.2020.12/sbt_backend/bin/sdc_translator.tcl" --src_sdc_file "/home/kristof/FAKS/2L/Satelitske komunikacije/GPS-receiver/development tools/FPGA/FPGA demo board/iCE40LP384_CA_code_generator/iCE40LP384_CA_code_generator/iCE40LP384_CA_code_generator_Implmnt/sbt/outputs/placer/TOP_pl.sdc" --dst_sdc_file "/home/kristof/FAKS/2L/Satelitske komunikacije/GPS-receiver/development tools/FPGA/FPGA demo board/iCE40LP384_CA_code_generator/iCE40LP384_CA_code_generator/iCE40LP384_CA_code_generator_Implmnt/sbt/outputs/packer/TOP_pk.sdc" --devicename iCE40LP384
starting packerLattice Semiconductor Corporation  Packer
Release:        2020.12.27943
Build Date:     Dec 10 2020 17:24:46

Begin Packing...
running packerinitializing finish
Total HPWL cost is 49
used logic cells: 29
Translating sdc file /home/kristof/FAKS/2L/Satelitske komunikacije/GPS-receiver/development tools/FPGA/FPGA demo board/iCE40LP384_CA_code_generator/iCE40LP384_CA_code_generator/iCE40LP384_CA_code_generator_Implmnt/sbt/outputs/placer/TOP_pl.sdc...
Translated sdc file is /home/kristof/FAKS/2L/Satelitske komunikacije/GPS-receiver/development tools/FPGA/FPGA demo board/iCE40LP384_CA_code_generator/iCE40LP384_CA_code_generator/iCE40LP384_CA_code_generator_Implmnt/sbt/outputs/packer/TOP_pk.sdc
Packer succeeded

Packer run-time: 0 (sec)
packer succeed.


"/home/kristof/lscc/iCEcube2.2020.12/sbt_backend/bin/linux/opt/sbrouter" "/home/kristof/lscc/iCEcube2.2020.12/sbt_backend/devices/ICE40P03.dev" "/home/kristof/FAKS/2L/Satelitske komunikacije/GPS-receiver/development tools/FPGA/FPGA demo board/iCE40LP384_CA_code_generator/iCE40LP384_CA_code_generator/iCE40LP384_CA_code_generator_Implmnt/sbt/netlist/oadb-TOP" "/home/kristof/lscc/iCEcube2.2020.12/sbt_backend/devices/ice40LP384.lib" "/home/kristof/FAKS/2L/Satelitske komunikacije/GPS-receiver/development tools/FPGA/FPGA demo board/iCE40LP384_CA_code_generator/iCE40LP384_CA_code_generator/iCE40LP384_CA_code_generator_Implmnt/sbt/outputs/packer/TOP_pk.sdc" --outdir "/home/kristof/FAKS/2L/Satelitske komunikacije/GPS-receiver/development tools/FPGA/FPGA demo board/iCE40LP384_CA_code_generator/iCE40LP384_CA_code_generator/iCE40LP384_CA_code_generator_Implmnt/sbt/outputs/router" --sdf_file "/home/kristof/FAKS/2L/Satelitske komunikacije/GPS-receiver/development tools/FPGA/FPGA demo board/iCE40LP384_CA_code_generator/iCE40LP384_CA_code_generator/iCE40LP384_CA_code_generator_Implmnt/sbt/outputs/simulation_netlist/TOP_sbt.sdf" --pin_permutation
starting routerrunning routerSJRouter....
Executing : /home/kristof/lscc/iCEcube2.2020.12/sbt_backend/bin/linux/opt/sbrouter /home/kristof/lscc/iCEcube2.2020.12/sbt_backend/devices/ICE40P03.dev /home/kristof/FAKS/2L/Satelitske komunikacije/GPS-receiver/development tools/FPGA/FPGA demo board/iCE40LP384_CA_code_generator/iCE40LP384_CA_code_generator/iCE40LP384_CA_code_generator_Implmnt/sbt/netlist/oadb-TOP /home/kristof/lscc/iCEcube2.2020.12/sbt_backend/devices/ice40LP384.lib /home/kristof/FAKS/2L/Satelitske komunikacije/GPS-receiver/development tools/FPGA/FPGA demo board/iCE40LP384_CA_code_generator/iCE40LP384_CA_code_generator/iCE40LP384_CA_code_generator_Implmnt/sbt/outputs/packer/TOP_pk.sdc --outdir /home/kristof/FAKS/2L/Satelitske komunikacije/GPS-receiver/development tools/FPGA/FPGA demo board/iCE40LP384_CA_code_generator/iCE40LP384_CA_code_generator/iCE40LP384_CA_code_generator_Implmnt/sbt/outputs/router --sdf_file /home/kristof/FAKS/2L/Satelitske komunikacije/GPS-receiver/development tools/FPGA/FPGA demo board/iCE40LP384_CA_code_generator/iCE40LP384_CA_code_generator/iCE40LP384_CA_code_generator_Implmnt/sbt/outputs/simulation_netlist/TOP_sbt.sdf --pin_permutation 
Lattice Semiconductor Corporation  Router
Release:        2020.12.27943
Build Date:     Dec 10 2020 17:31:26

I1203: Reading Design TOP
Read design time: 0
I1202: Reading Architecture of device iCE40LP384
Read device time: 1
I1209: Started routing
I1223: Total Nets : 34 
I1212: Iteration  1 :     6 unrouted : 0 seconds
I1212: Iteration  2 :     0 unrouted : 0 seconds
I1215: Routing is successful
Routing time: 0
I1206: Completed routing
I1204: Writing Design TOP
Lib Closed
I1210: Writing routes
I1218: Exiting the router
I1224: Router run-time : 1 seconds
 total           133040K
router succeed.

"/home/kristof/lscc/iCEcube2.2020.12/sbt_backend/bin/linux/opt/netlister" --verilog "/home/kristof/FAKS/2L/Satelitske komunikacije/GPS-receiver/development tools/FPGA/FPGA demo board/iCE40LP384_CA_code_generator/iCE40LP384_CA_code_generator/iCE40LP384_CA_code_generator_Implmnt/sbt/outputs/simulation_netlist/TOP_sbt.v" --vhdl "/home/kristof/FAKS/2L/Satelitske komunikacije/GPS-receiver/development tools/FPGA/FPGA demo board/iCE40LP384_CA_code_generator/iCE40LP384_CA_code_generator/iCE40LP384_CA_code_generator_Implmnt/sbt/outputs/simulation_netlist/TOP_sbt.vhd" --lib "/home/kristof/FAKS/2L/Satelitske komunikacije/GPS-receiver/development tools/FPGA/FPGA demo board/iCE40LP384_CA_code_generator/iCE40LP384_CA_code_generator/iCE40LP384_CA_code_generator_Implmnt/sbt/netlist/oadb-TOP" --view rt --device "/home/kristof/lscc/iCEcube2.2020.12/sbt_backend/devices/ICE40P03.dev" --splitio  --in-sdc-file "/home/kristof/FAKS/2L/Satelitske komunikacije/GPS-receiver/development tools/FPGA/FPGA demo board/iCE40LP384_CA_code_generator/iCE40LP384_CA_code_generator/iCE40LP384_CA_code_generator_Implmnt/sbt/outputs/packer/TOP_pk.sdc" --out-sdc-file "/home/kristof/FAKS/2L/Satelitske komunikacije/GPS-receiver/development tools/FPGA/FPGA demo board/iCE40LP384_CA_code_generator/iCE40LP384_CA_code_generator/iCE40LP384_CA_code_generator_Implmnt/sbt/outputs/netlister/TOP_sbt.sdc"
starting netlistLattice Semiconductor Corporation  Verilog & VHDL Netlister
Release:        2020.12.27943
Build Date:     Dec 10 2020 17:46:40

running netlistGenerating Verilog & VHDL netlist files ...
Writing /home/kristof/FAKS/2L/Satelitske komunikacije/GPS-receiver/development tools/FPGA/FPGA demo board/iCE40LP384_CA_code_generator/iCE40LP384_CA_code_generator/iCE40LP384_CA_code_generator_Implmnt/sbt/outputs/simulation_netlist/TOP_sbt.v
Writing /home/kristof/FAKS/2L/Satelitske komunikacije/GPS-receiver/development tools/FPGA/FPGA demo board/iCE40LP384_CA_code_generator/iCE40LP384_CA_code_generator/iCE40LP384_CA_code_generator_Implmnt/sbt/outputs/simulation_netlist/TOP_sbt.vhd
Netlister succeeded.

Netlister run-time: 0 (sec)
netlist succeed.


"/home/kristof/lscc/iCEcube2.2020.12/sbt_backend/bin/linux/opt/sbtimer" --des-lib "/home/kristof/FAKS/2L/Satelitske komunikacije/GPS-receiver/development tools/FPGA/FPGA demo board/iCE40LP384_CA_code_generator/iCE40LP384_CA_code_generator/iCE40LP384_CA_code_generator_Implmnt/sbt/netlist/oadb-TOP" --lib-file "/home/kristof/lscc/iCEcube2.2020.12/sbt_backend/devices/ice40LP384.lib" --sdc-file "/home/kristof/FAKS/2L/Satelitske komunikacije/GPS-receiver/development tools/FPGA/FPGA demo board/iCE40LP384_CA_code_generator/iCE40LP384_CA_code_generator/iCE40LP384_CA_code_generator_Implmnt/sbt/outputs/netlister/TOP_sbt.sdc" --sdf-file "/home/kristof/FAKS/2L/Satelitske komunikacije/GPS-receiver/development tools/FPGA/FPGA demo board/iCE40LP384_CA_code_generator/iCE40LP384_CA_code_generator/iCE40LP384_CA_code_generator_Implmnt/sbt/outputs/simulation_netlist/TOP_sbt.sdf" --report-file "/home/kristof/FAKS/2L/Satelitske komunikacije/GPS-receiver/development tools/FPGA/FPGA demo board/iCE40LP384_CA_code_generator/iCE40LP384_CA_code_generator/iCE40LP384_CA_code_generator_Implmnt/sbt/outputs/timer/TOP_timing.rpt" --device-file "/home/kristof/lscc/iCEcube2.2020.12/sbt_backend/devices/ICE40P03.dev" --timing-summary
starting timerExecuting : /home/kristof/lscc/iCEcube2.2020.12/sbt_backend/bin/linux/opt/sbtimer --des-lib /home/kristof/FAKS/2L/Satelitske komunikacije/GPS-receiver/development tools/FPGA/FPGA demo board/iCE40LP384_CA_code_generator/iCE40LP384_CA_code_generator/iCE40LP384_CA_code_generator_Implmnt/sbt/netlist/oadb-TOP --lib-file /home/kristof/lscc/iCEcube2.2020.12/sbt_backend/devices/ice40LP384.lib --sdc-file /home/kristof/FAKS/2L/Satelitske komunikacije/GPS-receiver/development tools/FPGA/FPGA demo board/iCE40LP384_CA_code_generator/iCE40LP384_CA_code_generator/iCE40LP384_CA_code_generator_Implmnt/sbt/outputs/netlister/TOP_sbt.sdc --sdf-file /home/kristof/FAKS/2L/Satelitske komunikacije/GPS-receiver/development tools/FPGA/FPGA demo board/iCE40LP384_CA_code_generator/iCE40LP384_CA_code_generator/iCE40LP384_CA_code_generator_Implmnt/sbt/outputs/simulation_netlist/TOP_sbt.sdf --report-file /home/kristof/FAKS/2L/Satelitske komunikacije/GPS-receiver/development tools/FPGA/FPGA demo board/iCE40LP384_CA_code_generator/iCE40LP384_CA_code_generator/iCE40LP384_CA_code_generator_Implmnt/sbt/outputs/timer/TOP_timing.rpt --device-file /home/kristof/lscc/iCEcube2.2020.12/sbt_backend/devices/ICE40P03.dev --timing-summary
Lattice Semiconductor Corporation  Timer
Release:        2020.12.27943
Build Date:     Dec 10 2020 17:29:54

running timerTimer run-time: 0 seconds
timer succeed.
timer succeeded.


"/home/kristof/lscc/iCEcube2.2020.12/sbt_backend/bin/linux/opt/bitmap" "/home/kristof/lscc/iCEcube2.2020.12/sbt_backend/devices/ICE40P03.dev" --design "/home/kristof/FAKS/2L/Satelitske komunikacije/GPS-receiver/development tools/FPGA/FPGA demo board/iCE40LP384_CA_code_generator/iCE40LP384_CA_code_generator/iCE40LP384_CA_code_generator_Implmnt/sbt/netlist/oadb-TOP" --device_name iCE40LP384 --package QN32 --outdir "/home/kristof/FAKS/2L/Satelitske komunikacije/GPS-receiver/development tools/FPGA/FPGA demo board/iCE40LP384_CA_code_generator/iCE40LP384_CA_code_generator/iCE40LP384_CA_code_generator_Implmnt/sbt/outputs/bitmap" --low_power on --init_ram on --init_ram_bank 1111 --frequency low --warm_boot on
starting bitmapLattice Semiconductor Corporation  Bit Stream Generator
Release:        2020.12.27943
Build Date:     Dec 10 2020 17:45:52

running bitmapBit Stream File Size: 58632 (57K 264 Bits)
Bit Stream Generator succeeded

Bitmap run-time: 0 (sec)
bitmap succeed.
