# Synopsys Constraint Checker, version maplat, Build 1612R, built Dec  5 2016
# Copyright (C) 1994-2016 Synopsys, Inc. All rights reserved. This Synopsys software and all associated documentation are proprietary to Synopsys, Inc. and may only be used pursuant to the terms and conditions of a written license agreement with Synopsys, Inc. All other use, reproduction, modification, or distribution of the Synopsys software or the associated documentation is strictly prohibited.

# Written on Mon Dec 18 16:19:11 2023


##### DESIGN INFO #######################################################

Top View:                "TOP"
Constraint File(s):      (none)




##### SUMMARY ############################################################

Found 0 issues in 0 out of 0 constraints


##### DETAILS ############################################################



Clock Relationships
*******************

Starting                                 Ending                                   |     rise to rise     |     fall to fall     |     rise to fall     |     fall to rise                     
---------------------------------------------------------------------------------------------------------------------------------------------------------------------------------------------
TOP|clk                                  TOP|clk                                  |     2.524            |     No paths         |     No paths         |     No paths                         
nco|un13_clk_internal_inferred_clock     nco|un13_clk_internal_inferred_clock     |     1000.000         |     No paths         |     No paths         |     No paths                         
nco|clk_frac_derived_clock               nco|clk_frac_derived_clock               |     1000.000         |     No paths         |     No paths         |     No paths                         
=============================================================================================================================================================================================
 Note: 'No paths' indicates there are no paths in the design for that pair of clock edges.
       'Diff grp' indicates that paths exist but the starting clock and ending clock are in different clock groups.


Unconstrained Start/End Points
******************************

p:BUTTON1
p:BUTTON2
p:BUTTON3
p:LED[0]
p:LED[1]
p:LED[2]
p:LED[3]
p:LED[4]
p:LED[5]
p:LED[6]
p:LED[7]
p:LED[8]
p:LED[9]


Inapplicable constraints
************************

(none)


Applicable constraints with issues
**********************************

(none)


Constraints with matching wildcard expressions
**********************************************

(none)


Library Report
**************


# End of Constraint Checker Report
