* ******************************************************************************

* iCEcube Report

* Version:            2020.12.27943

* Build Date:         Dec  9 2020 17:31:51

* File Generated:     Nov 13 2023 15:43:13

* Purpose:            General info of design implementation

* Copyright (C) 2006-2010 by Lattice Semiconductor Corp. All rights reserved.

* ******************************************************************************

Synthesis/Placement Summary:
----------------------------
    Status:  Successful
    Runtime: 1 seconds

Device Info:
------------
    Device Family: iCE40
    Device:        iCE40LP384
    Package:       QN32

Design statistics:
------------------
    FFs:                  29
    LUTs:                 33
    RAMs:                 0
    IOBs:                 4
    GBs:                  1
    PLLs:                 0

Logic Resource Utilization:
---------------------------
    Total Logic Cells: 53/384
        Combinational Logic Cells: 24       out of   384       6.25%
        Sequential Logic Cells:    29       out of   384       7.55208%
        Logic Tiles:               8        out of   48        16.6667%
    Registers: 
        Logic Registers:           29       out of   384       7.55208%
        IO Registers:              0        out of   280       0
    Block RAMs:                    0        out of   0         -1.#IND%
    Pins:
        Input Pins:                2        out of   21        9.52381%
        Output Pins:               2        out of   21        9.52381%
        InOut Pins:                0        out of   21        0%
    Global Buffers:                1        out of   8         12.5%
    PLLs:                          0        out of   0       

IO Bank Utilization:
--------------------
    Bank 3: 4        out of   6         66.6667%
    Bank 1: 0        out of   5         0%
    Bank 0: 0        out of   6         0%
    Bank 2: 0        out of   4         0%

Detailed I/O Info:
------------------
    Input Pins: 
    Pin Number  Direction  IO Standard  Pull Up  IO Bank  IO Function    Signal Name
    ----------  ---------  -----------  -------  -------  -----------    -----------
    7           Input      SB_LVCMOS    No       3        Simple Input   BUTTON  
    8           Input      SB_LVCMOS    No       3        Simple Input   clk     

    Output Pins: 
    Pin Number  Direction  IO Standard  Pull Up  IO Bank  IO Function    Signal Name
    ----------  ---------  -----------  -------  -------  -----------    -----------
    5           Output     SB_LVCMOS    No       3        Simple Output  LED1    
    6           Output     SB_LVCMOS    No       3        Simple Output  LED2    

Detailed Global Buffer Info:
----------------------------
    Buffer Number  IO Bank  Driven By  Fanout  Signal Name
    -------------  -------  ---------  ------  -----------
    1              3        IO         29      clk_c_g  
