* ******************************************************************************

* iCEcube Placer

* Version:            2020.12.27943

* Build Date:         Dec 10 2020 17:35:50

* File Generated:     Dec 22 2023 15:36:27

* Purpose:            

* Copyright (C) 2006-2010 by Lattice Semiconductor Corp. All rights reserved.

* ******************************************************************************

Executing : /home/kristof/lscc/iCEcube2.2020.12/sbt_backend/bin/linux/opt/sbtplacer --des-lib /home/kristof/FAKS/2L/Satelitske komunikacije/GPS-reciever/development tools/FPGA/FPGA demo board/iCE40LP384_CA_code_generator/iCE40LP384_CA_code_generator/iCE40LP384_CA_code_generator_Implmnt/sbt/netlist/oadb-TOP --outdir /home/kristof/FAKS/2L/Satelitske komunikacije/GPS-reciever/development tools/FPGA/FPGA demo board/iCE40LP384_CA_code_generator/iCE40LP384_CA_code_generator/iCE40LP384_CA_code_generator_Implmnt/sbt/outputs/placer --device-file /home/kristof/lscc/iCEcube2.2020.12/sbt_backend/devices/ICE40P03.dev --package QN32 --deviceMarketName iCE40LP384 --sdc-file /home/kristof/FAKS/2L/Satelitske komunikacije/GPS-reciever/development tools/FPGA/FPGA demo board/iCE40LP384_CA_code_generator/iCE40LP384_CA_code_generator/iCE40LP384_CA_code_generator_Implmnt/sbt/Temp/sbt_temp.sdc --lib-file /home/kristof/lscc/iCEcube2.2020.12/sbt_backend/devices/ice40LP384.lib --effort_level std --out-sdc-file /home/kristof/FAKS/2L/Satelitske komunikacije/GPS-reciever/development tools/FPGA/FPGA demo board/iCE40LP384_CA_code_generator/iCE40LP384_CA_code_generator/iCE40LP384_CA_code_generator_Implmnt/sbt/outputs/placer/TOP_pl.sdc
I2004: Option and Settings Summary
=============================================================
Device file          - /home/kristof/lscc/iCEcube2.2020.12/sbt_backend/devices/ICE40P03.dev
Package              - QN32
Design database      - /home/kristof/FAKS/2L/Satelitske komunikacije/GPS-reciever/development tools/FPGA/FPGA demo board/iCE40LP384_CA_code_generator/iCE40LP384_CA_code_generator/iCE40LP384_CA_code_generator_Implmnt/sbt/netlist/oadb-TOP
SDC file             - /home/kristof/FAKS/2L/Satelitske komunikacije/GPS-reciever/development tools/FPGA/FPGA demo board/iCE40LP384_CA_code_generator/iCE40LP384_CA_code_generator/iCE40LP384_CA_code_generator_Implmnt/sbt/Temp/sbt_temp.sdc
Output directory     - /home/kristof/FAKS/2L/Satelitske komunikacije/GPS-reciever/development tools/FPGA/FPGA demo board/iCE40LP384_CA_code_generator/iCE40LP384_CA_code_generator/iCE40LP384_CA_code_generator_Implmnt/sbt/outputs/placer
Timing library       - /home/kristof/lscc/iCEcube2.2020.12/sbt_backend/devices/ice40LP384.lib
Effort level         - std

I2050: Starting reading inputs for placer
=============================================================
I2100: Reading design library: /home/kristof/FAKS/2L/Satelitske komunikacije/GPS-reciever/development tools/FPGA/FPGA demo board/iCE40LP384_CA_code_generator/iCE40LP384_CA_code_generator/iCE40LP384_CA_code_generator_Implmnt/sbt/netlist/oadb-TOP/BFPGA_DESIGN_ep
I2065: Reading device file : /home/kristof/lscc/iCEcube2.2020.12/sbt_backend/devices/ICE40P03.dev
I2051: Reading of inputs for placer completed successfully

I2053: Starting placement of the design
=============================================================

Input Design Statistics
    Number of LUTs      	:	56
    Number of DFFs      	:	28
    Number of DFFs packed to IO	:	0
    Number of Carrys    	:	20
    Number of RAMs      	:	0
    Number of ROMs      	:	0
    Number of IOs       	:	15
    Number of GBIOs     	:	1
    Number of GBs       	:	0
    Number of WarmBoot  	:	0


Phase 1
I2077: Start design legalization

Design Legalization Statistics
    Number of feedthru LUTs inserted to legalize input of DFFs     	:	0
    Number of feedthru LUTs inserted for LUTs driving multiple DFFs	:	0
    Number of LUTs replicated for LUTs driving multiple DFFs       	:	1
    Number of feedthru LUTs inserted to legalize output of CARRYs  	:	0
    Number of feedthru LUTs inserted to legalize global signals    	:	0
    Number of feedthru CARRYs inserted to legalize input of CARRYs 	:	0
    Number of inserted LUTs to Legalize IOs with PIN_TYPE= 01xxxx  	:	0
    Number of inserted LUTs to Legalize IOs with PIN_TYPE= 10xxxx  	:	0
    Number of inserted LUTs to Legalize IOs with PIN_TYPE= 11xxxx  	:	0
    Total LUTs inserted                                            	:	1
    Total CARRYs inserted                                          	:	0


I2078: Design legalization is completed successfully
I2088: Phase 1, elapsed time : 0.0 (sec)


Phase 2
I2088: Phase 2, elapsed time : 0.0 (sec)

Phase 3

Design Statistics after Packing
    Number of LUTs      	:	58
    Number of DFFs      	:	28
    Number of DFFs packed to IO	:	0
    Number of Carrys    	:	20

Device Utilization Summary after Packing
    Sequential LogicCells
        LUT and DFF      	:	8
        LUT, DFF and CARRY	:	20
    Combinational LogicCells
        Only LUT         	:	30
        CARRY Only       	:	0
        LUT with CARRY   	:	0
    LogicCells                  :	58/384
    PLBs                        :	9/48
    BRAMs                       :	0/0
    IOs and GBIOs               :	16/21


I2088: Phase 3, elapsed time : 0.1 (sec)

Phase 4
I2088: Phase 4, elapsed time : 0.0 (sec)

Phase 5
I2088: Phase 5, elapsed time : 0.0 (sec)

Phase 6
I2088: Phase 6, elapsed time : 10.3 (sec)

Final Design Statistics
    Number of LUTs      	:	58
    Number of DFFs      	:	28
    Number of DFFs packed to IO	:	0
    Number of Carrys    	:	20
    Number of RAMs      	:	0
    Number of ROMs      	:	0
    Number of IOs       	:	15
    Number of GBIOs     	:	1
    Number of GBs       	:	0
    Number of WarmBoot  	:	0

Device Utilization Summary
    LogicCells                  :	58/384
    PLBs                        :	13/48
    BRAMs                       :	0/0
    IOs and GBIOs               :	16/21



#####################################################################
Placement Timing Summary

The timing summary is based on estimated routing delays after
placement. For final timing report, please carry out the timing
analysis after routing.
=====================================================================

#####################################################################
                     Clock Summary 
=====================================================================
Number of clocks: 1
Clock: TOP|clk | Frequency: 90.82 MHz | Target: 73.96 MHz

=====================================================================
                     End of Clock Summary
#####################################################################

I2054: Placement of design completed successfully

I2076: Placer run-time: 10.5 sec.

