Running in Lattice mode


Starting:    C:\lscc\iCEcube2.2020.12\synpbase\bin64\mbin\synbatch.exe
Install:     C:\lscc\iCEcube2.2020.12\synpbase
Hostname:    ALJAZ-ELITEDESK
Date:        Mon Nov 27 20:20:12 2023
Version:     L-2016.09L+ice40

Arguments:   -product synplify_pro -batch iCE40LP384_blink_syn.prj
ProductType: synplify_pro





log file: "C:\Users\Aljaz\OneDrive - Univerza v Ljubljani\PROJEKTI\GPS sprejemnik\FPGA\iCE40LP384-SG32\iCE40LP384_demo_project\iCE40LP384_blink\iCE40LP384_blink_Implmnt\iCE40LP384_blink.srr"
Running: iCE40LP384_blink_Implmnt in foreground

Running iCE40LP384_blink_syn|iCE40LP384_blink_Implmnt

Running: compile (Compile) on iCE40LP384_blink_syn|iCE40LP384_blink_Implmnt
# Mon Nov 27 20:20:12 2023

Running: compile_flow (Compile Process) on iCE40LP384_blink_syn|iCE40LP384_blink_Implmnt
# Mon Nov 27 20:20:12 2023

Running: compiler (Compile Input) on iCE40LP384_blink_syn|iCE40LP384_blink_Implmnt
# Mon Nov 27 20:20:12 2023
Copied C:\Users\Aljaz\OneDrive - Univerza v Ljubljani\PROJEKTI\GPS sprejemnik\FPGA\iCE40LP384-SG32\iCE40LP384_demo_project\iCE40LP384_blink\iCE40LP384_blink_Implmnt\synwork\iCE40LP384_blink_comp.srs to C:\Users\Aljaz\OneDrive - Univerza v Ljubljani\PROJEKTI\GPS sprejemnik\FPGA\iCE40LP384-SG32\iCE40LP384_demo_project\iCE40LP384_blink\iCE40LP384_blink_Implmnt\iCE40LP384_blink.srs

compiler completed
# Mon Nov 27 20:20:14 2023

Return Code: 0
Run Time:00h:00m:02s

Running: multi_srs_gen (Multi-srs Generator) on iCE40LP384_blink_syn|iCE40LP384_blink_Implmnt
# Mon Nov 27 20:20:14 2023

multi_srs_gen completed
# Mon Nov 27 20:20:14 2023

Return Code: 0
Run Time:00h:00m:00s
Copied C:\Users\Aljaz\OneDrive - Univerza v Ljubljani\PROJEKTI\GPS sprejemnik\FPGA\iCE40LP384-SG32\iCE40LP384_demo_project\iCE40LP384_blink\iCE40LP384_blink_Implmnt\synwork\iCE40LP384_blink_mult.srs to C:\Users\Aljaz\OneDrive - Univerza v Ljubljani\PROJEKTI\GPS sprejemnik\FPGA\iCE40LP384-SG32\iCE40LP384_demo_project\iCE40LP384_blink\iCE40LP384_blink_Implmnt\iCE40LP384_blink.srs
Complete: Compile Process on iCE40LP384_blink_syn|iCE40LP384_blink_Implmnt

Running: premap (Pre-mapping) on iCE40LP384_blink_syn|iCE40LP384_blink_Implmnt
# Mon Nov 27 20:20:14 2023

premap completed with warnings
# Mon Nov 27 20:20:15 2023

Return Code: 1
Run Time:00h:00m:01s
Complete: Compile on iCE40LP384_blink_syn|iCE40LP384_blink_Implmnt

Running: map (Map) on iCE40LP384_blink_syn|iCE40LP384_blink_Implmnt
# Mon Nov 27 20:20:15 2023
License granted for 4 parallel jobs

Running: fpga_mapper (Map & Optimize) on iCE40LP384_blink_syn|iCE40LP384_blink_Implmnt
# Mon Nov 27 20:20:15 2023
Copied C:\Users\Aljaz\OneDrive - Univerza v Ljubljani\PROJEKTI\GPS sprejemnik\FPGA\iCE40LP384-SG32\iCE40LP384_demo_project\iCE40LP384_blink\iCE40LP384_blink_Implmnt\synwork\iCE40LP384_blink_m.srm to C:\Users\Aljaz\OneDrive - Univerza v Ljubljani\PROJEKTI\GPS sprejemnik\FPGA\iCE40LP384-SG32\iCE40LP384_demo_project\iCE40LP384_blink\iCE40LP384_blink_Implmnt\iCE40LP384_blink.srm

fpga_mapper completed with warnings
# Mon Nov 27 20:20:16 2023

Return Code: 1
Run Time:00h:00m:01s
Complete: Map on iCE40LP384_blink_syn|iCE40LP384_blink_Implmnt
Complete: Logic Synthesis on iCE40LP384_blink_syn|iCE40LP384_blink_Implmnt

exit status=0

exit status=0

